<?xml version="1.0" encoding="UTF-8"?>
<!-- Generated by org.testng.reporters.JUnitReportReporter -->
<testsuite hostname="DESKTOP-OIINU8J" failures="0" tests="2" name="com.demo_02.SelectAndMouseOverAndDragAndDrop" time="18.074" errors="0" timestamp="2024-04-18T20:31:35 IST" skipped="0">
  <testcase classname="com.demo_02.SelectAndMouseOverAndDragAndDrop" name="selectFromDropDown" time="4.521"/>
  <system-out/>
  <testcase classname="com.demo_02.SelectAndMouseOverAndDragAndDrop" name="mouseOver" time="13.553"/>
  <system-out/>
</testsuite> <!-- com.demo_02.SelectAndMouseOverAndDragAndDrop -->
