<?xml version="1.0" encoding="UTF-8"?>
<!-- Generated by org.testng.reporters.JUnitReportReporter -->
<testsuite hostname="DESKTOP-OIINU8J" failures="0" tests="1" name="com.demo_02.NewTest" time="8.996" errors="0" timestamp="2024-04-18T08:57:30 IST" skipped="0">
  <testcase classname="com.demo_02.NewTest" name="f" time="8.996"/>
  <system-out/>
</testsuite> <!-- com.demo_02.NewTest -->
