<?xml version="1.0" encoding="UTF-8"?>
<!-- Generated by org.testng.reporters.JUnitReportReporter -->
<testsuite hostname="DESKTOP-OIINU8J" failures="0" tests="1" name="com.demo_02.FluentWaitExample" time="9.008" errors="0" timestamp="2024-04-18T15:41:28 IST" skipped="0">
  <testcase classname="com.demo_02.FluentWaitExample" name="fluentWait" time="9.008"/>
  <system-out/>
</testsuite> <!-- com.demo_02.FluentWaitExample -->
