<?xml version="1.0" encoding="UTF-8"?>
<!-- Generated by org.testng.reporters.JUnitReportReporter -->
<testsuite hostname="DESKTOP-OIINU8J" failures="0" tests="2" name="com.demo_01.ActionDragAndDropPractice" time="8.688" errors="0" timestamp="2024-01-28T20:44:17 IST" skipped="0">
  <testcase classname="com.demo_01.ActionDragAndDropPractice" name="alertPractice" time="2.812"/>
  <system-out/>
  <testcase classname="com.demo_01.ActionDragAndDropPractice" name="dragAndDrop" time="5.876"/>
  <system-out/>
</testsuite> <!-- com.demo_01.ActionDragAndDropPractice -->
