<?xml version="1.0" encoding="UTF-8"?>
<!-- Generated by org.testng.reporters.JUnitReportReporter -->
<testsuite hostname="DESKTOP-OIINU8J" failures="0" tests="1" name="com.demo_01.SelectElementPractice" time="8.411" errors="0" timestamp="2024-01-28T19:53:35 IST" skipped="0">
  <testcase classname="com.demo_01.SelectElementPractice" name="f" time="8.411"/>
  <system-out/>
</testsuite> <!-- com.demo_01.SelectElementPractice -->
