<?xml version="1.0" encoding="UTF-8"?>
<!-- Generated by org.testng.reporters.JUnitReportReporter -->
<testsuite hostname="DESKTOP-OIINU8J" failures="0" tests="2" name="com.demo_01.PopUpsAndDropDowns" time="2.634" errors="0" timestamp="2024-01-27T20:34:24 IST" skipped="0">
  <testcase classname="com.demo_01.PopUpsAndDropDowns" name="rahulShetty" time="2.145"/>
  <system-out/>
  <testcase classname="com.demo_01.PopUpsAndDropDowns" name="f" time="0.489"/>
  <system-out/>
</testsuite> <!-- com.demo_01.PopUpsAndDropDowns -->
