<?xml version="1.0" encoding="UTF-8"?>
<!-- Generated by org.testng.reporters.JUnitReportReporter -->
<testsuite hostname="DESKTOP-OIINU8J" failures="0" tests="2" name="com.demo_01.Demo01" time="0.017" errors="0" timestamp="2023-12-19T08:34:32 IST" skipped="0">
  <testcase classname="com.demo_01.Demo01" name="f" time="0.010"/>
  <system-out/>
  <testcase classname="com.demo_01.Demo01" name="f" time="0.007"/>
  <system-out/>
</testsuite> <!-- com.demo_01.Demo01 -->
