<?xml version="1.0" encoding="UTF-8"?>
<!-- Generated by org.testng.reporters.JUnitReportReporter -->
<testsuite hostname="DESKTOP-OIINU8J" failures="0" tests="1" name="com.demo_01.AutomationPractices" time="10.104" errors="0" timestamp="2024-01-27T00:22:18 IST" skipped="0">
  <testcase classname="com.demo_01.AutomationPractices" name="test" time="10.104"/>
  <system-out/>
</testsuite> <!-- com.demo_01.AutomationPractices -->
