<?xml version="1.0" encoding="UTF-8"?>
<!-- Generated by org.testng.reporters.JUnitReportReporter -->
<testsuite hostname="DESKTOP-OIINU8J" failures="0" tests="3" name="com.demo_01.ActionDragAndDropPractice" time="10.470" errors="0" timestamp="2024-01-28T11:37:46 IST" skipped="0">
  <testcase classname="com.demo_01.ActionDragAndDropPractice" name="dragAndDrop" time="2.211"/>
  <system-out/>
  <testcase classname="com.demo_01.ActionDragAndDropPractice" name="alertPractice" time="2.691"/>
  <system-out/>
  <testcase classname="com.demo_01.ActionDragAndDropPractice" name="implicitWait" time="5.568"/>
  <system-out/>
</testsuite> <!-- com.demo_01.ActionDragAndDropPractice -->
