<?xml version="1.0" encoding="UTF-8"?>
<!-- Generated by org.testng.reporters.JUnitReportReporter -->
<testsuite hostname="DESKTOP-OIINU8J" failures="0" tests="6" name="com.demo_01.Demo02" time="0.024" errors="0" timestamp="2023-12-31T11:04:31 IST" skipped="0">
  <testcase classname="com.demo_01.Demo02" name="g" time="0.004"/>
  <system-out/>
  <testcase classname="com.demo_01.Demo02" name="f" time="0.002"/>
  <system-out/>
  <testcase classname="com.demo_01.Demo02" name="f" time="0.003"/>
  <system-out/>
  <testcase classname="com.demo_01.Demo02" name="g" time="0.003"/>
  <system-out/>
  <testcase classname="com.demo_01.Demo02" name="f" time="0.011"/>
  <system-out/>
  <testcase classname="com.demo_01.Demo02" name="g" time="0.001"/>
  <system-out/>
</testsuite> <!-- com.demo_01.Demo02 -->
