<?xml version="1.0" encoding="UTF-8"?>
<!-- Generated by org.testng.reporters.JUnitReportReporter -->
<testsuite hostname="DESKTOP-OIINU8J" failures="0" tests="1" name="com.demo_02.AlertsAndPrompts" time="4.896" errors="0" timestamp="2024-04-18T07:41:57 IST" skipped="0">
  <testcase classname="com.demo_02.AlertsAndPrompts" name="alertsAndPrompts" time="4.896"/>
  <system-out/>
</testsuite> <!-- com.demo_02.AlertsAndPrompts -->
