<?xml version="1.0" encoding="UTF-8"?>
<!-- Generated by org.testng.reporters.JUnitReportReporter -->
<testsuite hostname="DESKTOP-OIINU8J" failures="0" tests="1" name="com.demo_01.FluentWaitPractice" time="5.157" errors="0" timestamp="2024-01-27T17:51:43 IST" skipped="0">
  <testcase classname="com.demo_01.FluentWaitPractice" name="f" time="5.157"/>
  <system-out/>
</testsuite> <!-- com.demo_01.FluentWaitPractice -->
