<?xml version="1.0" encoding="UTF-8"?>
<!-- Generated by org.testng.reporters.JUnitReportReporter -->
<testsuite hostname="DESKTOP-OIINU8J" failures="0" tests="1" name="com.demo_01.SoftAssertionDemo" time="7.637" errors="0" timestamp="2023-12-31T09:01:41 IST" skipped="0">
  <testcase classname="com.demo_01.SoftAssertionDemo" name="test" time="7.637"/>
  <system-out/>
</testsuite> <!-- com.demo_01.SoftAssertionDemo -->
